0 info it worked if it ends with ok
1 verbose cli [ 'C:\\Program Files (x86)\\nodejs\\\\node.exe',
1 verbose cli   'C:\\Program Files (x86)\\nodejs\\node_modules\\npm\\bin\\npm-cli.js',
1 verbose cli   'install',
1 verbose cli   '-g',
1 verbose cli   'nodemon' ]
2 info using npm@2.9.0
3 info using node@v0.10.30
4 verbose node symlink C:\Program Files (x86)\nodejs\\node.exe
5 verbose install initial load of C:\Program Files (x86)\nodejs\package.json
6 verbose readDependencies loading dependencies from C:\Program Files (x86)\nodejs\package.json
7 silly cache add args [ 'nodemon', null ]
8 verbose cache add spec nodemon
9 silly cache add parsed spec { raw: 'nodemon',
9 silly cache add   scope: null,
9 silly cache add   name: 'nodemon',
9 silly cache add   rawSpec: '',
9 silly cache add   spec: '*',
9 silly cache add   type: 'range' }
10 silly addNamed nodemon@*
11 verbose addNamed "*" is a valid semver range for nodemon
12 silly addNameRange { name: 'nodemon', range: '*', hasData: false }
13 silly mapToRegistry name nodemon
14 silly mapToRegistry using default registry
15 silly mapToRegistry registry https://registry.npmjs.org/
16 silly mapToRegistry uri https://registry.npmjs.org/nodemon
17 verbose addNameRange registry:https://registry.npmjs.org/nodemon not in flight; fetching
18 verbose request uri https://registry.npmjs.org/nodemon
19 verbose request no auth needed
20 info attempt registry request try #1 at 10:41:22
21 verbose request id 1317607df95b2652
22 verbose etag "3WTAQGK63BJ469VQUHMIOLF8H"
23 http request GET https://registry.npmjs.org/nodemon
24 http 304 https://registry.npmjs.org/nodemon
25 silly get cb [ 304,
25 silly get   { date: 'Tue, 04 Aug 2015 07:39:14 GMT',
25 silly get     via: '1.1 varnish',
25 silly get     'cache-control': 'max-age=60',
25 silly get     etag: '"3WTAQGK63BJ469VQUHMIOLF8H"',
25 silly get     age: '41',
25 silly get     connection: 'keep-alive',
25 silly get     'x-served-by': 'cache-fra1227-FRA',
25 silly get     'x-cache': 'HIT',
25 silly get     'x-cache-hits': '1',
25 silly get     'x-timer': 'S1438673954.194604,VS0,VE1',
25 silly get     vary: 'Accept' } ]
26 verbose etag https://registry.npmjs.org/nodemon from cache
27 verbose get saving nodemon to C:\Users\Compliment\AppData\Roaming\npm-cache\registry.npmjs.org\nodemon\.cache.json
28 silly addNameRange number 2 { name: 'nodemon', range: '*', hasData: true }
29 silly addNameRange versions [ 'nodemon',
29 silly addNameRange   [ '0.1.4',
29 silly addNameRange     '0.1.5',
29 silly addNameRange     '0.1.6',
29 silly addNameRange     '0.1.7',
29 silly addNameRange     '0.1.8',
29 silly addNameRange     '0.2.0',
29 silly addNameRange     '0.2.1',
29 silly addNameRange     '0.2.2',
29 silly addNameRange     '0.3.0',
29 silly addNameRange     '0.3.1',
29 silly addNameRange     '0.3.2',
29 silly addNameRange     '0.4.0',
29 silly addNameRange     '0.4.1',
29 silly addNameRange     '0.5.0',
29 silly addNameRange     '0.5.1',
29 silly addNameRange     '0.5.2',
29 silly addNameRange     '0.5.3',
29 silly addNameRange     '0.5.4',
29 silly addNameRange     '0.5.5',
29 silly addNameRange     '0.5.6',
29 silly addNameRange     '0.5.7',
29 silly addNameRange     '0.6.0',
29 silly addNameRange     '0.6.1',
29 silly addNameRange     '0.6.2',
29 silly addNameRange     '0.6.3',
29 silly addNameRange     '0.6.4',
29 silly addNameRange     '0.6.5',
29 silly addNameRange     '0.6.6',
29 silly addNameRange     '0.6.7',
29 silly addNameRange     '0.6.8',
29 silly addNameRange     '0.6.9',
29 silly addNameRange     '0.6.10',
29 silly addNameRange     '0.6.11',
29 silly addNameRange     '0.6.12',
29 silly addNameRange     '0.6.13',
29 silly addNameRange     '0.6.14',
29 silly addNameRange     '0.6.15',
29 silly addNameRange     '0.6.16',
29 silly addNameRange     '0.6.17',
29 silly addNameRange     '0.6.18',
29 silly addNameRange     '0.6.19',
29 silly addNameRange     '0.6.20',
29 silly addNameRange     '0.6.21',
29 silly addNameRange     '0.6.22',
29 silly addNameRange     '0.6.23',
29 silly addNameRange     '0.7.0',
29 silly addNameRange     '0.7.1',
29 silly addNameRange     '0.7.2',
29 silly addNameRange     '0.7.3',
29 silly addNameRange     '0.7.4',
29 silly addNameRange     '0.7.5',
29 silly addNameRange     '0.7.6',
29 silly addNameRange     '0.7.7',
29 silly addNameRange     '0.7.8',
29 silly addNameRange     '0.7.10',
29 silly addNameRange     '0.9.0',
29 silly addNameRange     '0.9.1',
29 silly addNameRange     '0.9.2',
29 silly addNameRange     '0.9.3',
29 silly addNameRange     '0.9.5',
29 silly addNameRange     '0.9.6',
29 silly addNameRange     '0.9.7',
29 silly addNameRange     '0.9.10',
29 silly addNameRange     '0.9.11',
29 silly addNameRange     '0.9.12',
29 silly addNameRange     '0.9.14',
29 silly addNameRange     '0.9.16',
29 silly addNameRange     '0.9.17',
29 silly addNameRange     '1.0.0',
29 silly addNameRange     '1.0.1',
29 silly addNameRange     '1.0.2',
29 silly addNameRange     '1.0.2-rc',
29 silly addNameRange     '0.6.10-a',
29 silly addNameRange     '1.0.2-rc3',
29 silly addNameRange     '1.0.2-rc4',
29 silly addNameRange     '1.0.3',
29 silly addNameRange     '1.0.4',
29 silly addNameRange     '1.0.5',
29 silly addNameRange     '1.0.6',
29 silly addNameRange     '1.0.7',
29 silly addNameRange     '1.0.8',
29 silly addNameRange     '1.0.9',
29 silly addNameRange     '1.0.10',
29 silly addNameRange     '1.0.11',
29 silly addNameRange     '1.0.12',
29 silly addNameRange     '1.0.13',
29 silly addNameRange     '1.0.14',
29 silly addNameRange     '1.0.15',
29 silly addNameRange     '1.0.16',
29 silly addNameRange     '1.0.17-rc1',
29 silly addNameRange     '1.0.17-rc2',
29 silly addNameRange     '1.0.17',
29 silly addNameRange     '1.0.18',
29 silly addNameRange     '1.0.19',
29 silly addNameRange     '1.0.20',
29 silly addNameRange     '1.1.0-alpha',
29 silly addNameRange     '1.1.0',
29 silly addNameRange     '1.1.1',
29 silly addNameRange     '1.2.0',
29 silly addNameRange     '1.2.1',
29 silly addNameRange     '1.3.0-0',
29 silly addNameRange     '1.3.0-1',
29 silly addNameRange     '1.3.0-2',
29 silly addNameRange     '1.3.0-3',
29 silly addNameRange     '1.3.0-4',
29 silly addNameRange     '1.3.0-5',
29 silly addNameRange     '1.3.0-6',
29 silly addNameRange     '1.3.0-7',
29 silly addNameRange     '1.3.0',
29 silly addNameRange     '1.3.1',
29 silly addNameRange     '1.3.2',
29 silly addNameRange     '1.3.3',
29 silly addNameRange     '1.3.5',
29 silly addNameRange     '1.3.6',
29 silly addNameRange     '1.3.7',
29 silly addNameRange     '1.3.8',
29 silly addNameRange     '1.4.0' ] ]
30 silly addNamed nodemon@1.4.0
31 verbose addNamed "1.4.0" is a plain semver version for nodemon
32 silly cache afterAdd nodemon@1.4.0
33 verbose afterAdd C:\Users\Compliment\AppData\Roaming\npm-cache\nodemon\1.4.0\package\package.json not in flight; writing
34 verbose afterAdd C:\Users\Compliment\AppData\Roaming\npm-cache\nodemon\1.4.0\package\package.json written
35 silly install resolved [ { name: 'nodemon',
35 silly install resolved     homepage: 'http://nodemon.io',
35 silly install resolved     author: { name: 'Remy Sharp', url: 'http://github.com/remy' },
35 silly install resolved     bin: { nodemon: './bin/nodemon.js' },
35 silly install resolved     engines: { node: '>=0.8' },
35 silly install resolved     repository:
35 silly install resolved      { type: 'git',
35 silly install resolved        url: 'git+ssh://git@github.com/remy/nodemon.git' },
35 silly install resolved     description: 'Simple monitor script for use during development of a node.js app.',
35 silly install resolved     keywords:
35 silly install resolved      [ 'monitor',
35 silly install resolved        'development',
35 silly install resolved        'restart',
35 silly install resolved        'autoload',
35 silly install resolved        'reload',
35 silly install resolved        'terminal' ],
35 silly install resolved     version: '1.4.0',
35 silly install resolved     preferGlobal: 'true',
35 silly install resolved     license: 'MIT',
35 silly install resolved     main: './lib/nodemon',
35 silly install resolved     scripts:
35 silly install resolved      { coverage: 'istanbul cover _mocha -- --timeout 30000 --ui bdd --reporter list test/**/*.test.js',
35 silly install resolved        ':test': 'mocha --timeout 30000 --ui bdd test/**/*.test.js',
35 silly install resolved        test: 'for FILE in test/**/*.test.js; do echo $FILE; ./node_modules/.bin/mocha --timeout 30000 $FILE; if [ $? -ne 0 ]; then exit 1; fi; sleep 1; done',
35 silly install resolved        web: 'node web' },
35 silly install resolved     devDependencies:
35 silly install resolved      { 'coffee-script': '~1.7.1',
35 silly install resolved        connect: '~2.19.1',
35 silly install resolved        istanbul: '~0.2.10',
35 silly install resolved        mocha: '^2.0.1',
35 silly install resolved        should: '~4.0.0' },
35 silly install resolved     dependencies:
35 silly install resolved      { minimatch: '~0.3.0',
35 silly install resolved        'ps-tree': '~0.0.3',
35 silly install resolved        touch: '~0.0.3',
35 silly install resolved        'update-notifier': '^0.3.0' },
35 silly install resolved     gitHead: '6152786ba2254eb7e3d1936f3b42bab3b159bcaf',
35 silly install resolved     bugs: { url: 'https://github.com/remy/nodemon/issues' },
35 silly install resolved     _id: 'nodemon@1.4.0',
35 silly install resolved     _shasum: 'f566146245c82910a4e7d051c10afe0535e9394c',
35 silly install resolved     _from: 'nodemon@*',
35 silly install resolved     _npmVersion: '2.13.1',
35 silly install resolved     _nodeVersion: '0.10.38',
35 silly install resolved     _npmUser: { name: 'remy', email: 'remy@leftlogic.com' },
35 silly install resolved     dist:
35 silly install resolved      { shasum: 'f566146245c82910a4e7d051c10afe0535e9394c',
35 silly install resolved        tarball: 'http://registry.npmjs.org/nodemon/-/nodemon-1.4.0.tgz' },
35 silly install resolved     maintainers: [ [Object] ],
35 silly install resolved     directories: {},
35 silly install resolved     _resolved: 'https://registry.npmjs.org/nodemon/-/nodemon-1.4.0.tgz',
35 silly install resolved     readme: 'ERROR: No README data found!' } ]
36 info install nodemon@1.4.0 into C:\Program Files (x86)\nodejs
37 info installOne nodemon@1.4.0
38 verbose installOne of nodemon to C:\Program Files (x86)\nodejs not in flight; installing
39 verbose lock using C:\Users\Compliment\AppData\Roaming\npm-cache\_locks\nodemon-9231ce6a52474ac2.lock for C:\Program Files (x86)\nodejs\node_modules\nodemon
40 silly install write writing nodemon 1.4.0 to C:\Program Files (x86)\nodejs\node_modules\nodemon
41 verbose unbuild node_modules\nodemon
42 silly gentlyRm C:\Program Files (x86)\nodejs\node_modules\nodemon is being purged from base C:\Program Files (x86)\nodejs
43 verbose gentlyRm don't care about contents; nuking C:\Program Files (x86)\nodejs\node_modules\nodemon
44 verbose tar unpack C:\Users\Compliment\AppData\Roaming\npm-cache\nodemon\1.4.0\package.tgz
45 verbose tar unpacking to C:\Program Files (x86)\nodejs\node_modules\nodemon
46 silly gentlyRm C:\Program Files (x86)\nodejs\node_modules\nodemon is being purged
47 verbose gentlyRm don't care about contents; nuking C:\Program Files (x86)\nodejs\node_modules\nodemon
48 silly gunzTarPerm modes [ '777', '666' ]
49 error tar.unpack untar error C:\Users\Compliment\AppData\Roaming\npm-cache\nodemon\1.4.0\package.tgz
50 verbose unlock done using C:\Users\Compliment\AppData\Roaming\npm-cache\_locks\nodemon-9231ce6a52474ac2.lock for C:\Program Files (x86)\nodejs\node_modules\nodemon
51 verbose fstream_path C:\Program Files (x86)\nodejs\node_modules\nodemon
52 verbose fstream_type Directory
53 verbose fstream_class DirWriter
54 verbose stack Error: EPERM, mkdir 'C:\Program Files (x86)\nodejs\node_modules\nodemon'
55 verbose fstream_stack C:\Program Files (x86)\nodejs\node_modules\npm\node_modules\fstream\lib\dir-writer.js:36:23
55 verbose fstream_stack C:\Program Files (x86)\nodejs\node_modules\npm\node_modules\mkdirp\index.js:46:53
55 verbose fstream_stack Object.oncomplete (fs.js:107:15)
56 verbose cwd C:\Users\Compliment\Documents\GitHub\contacts-app
57 error Windows_NT 6.2.9200
58 error argv "C:\\Program Files (x86)\\nodejs\\\\node.exe" "C:\\Program Files (x86)\\nodejs\\node_modules\\npm\\bin\\npm-cli.js" "install" "-g" "nodemon"
59 error node v0.10.30
60 error npm  v2.9.0
61 error path C:\Program Files (x86)\nodejs\node_modules\nodemon
62 error code EPERM
63 error errno 50
64 error Error: EPERM, mkdir 'C:\Program Files (x86)\nodejs\node_modules\nodemon'
64 error  { [Error: EPERM, mkdir 'C:\Program Files (x86)\nodejs\node_modules\nodemon']
64 error   errno: 50,
64 error   code: 'EPERM',
64 error   path: 'C:\\Program Files (x86)\\nodejs\\node_modules\\nodemon',
64 error   fstream_type: 'Directory',
64 error   fstream_path: 'C:\\Program Files (x86)\\nodejs\\node_modules\\nodemon',
64 error   fstream_class: 'DirWriter',
64 error   fstream_stack:
64 error    [ 'C:\\Program Files (x86)\\nodejs\\node_modules\\npm\\node_modules\\fstream\\lib\\dir-writer.js:36:23',
64 error      'C:\\Program Files (x86)\\nodejs\\node_modules\\npm\\node_modules\\mkdirp\\index.js:46:53',
64 error      'Object.oncomplete (fs.js:107:15)' ] }
65 error Please try running this command again as root/Administrator.
66 verbose exit [ 50, true ]
67 verbose unbuild node_modules\nodemon
68 silly gentlyRm C:\Program Files (x86)\nodejs\node_modules\nodemon is being purged from base C:\Program Files (x86)\nodejs
69 verbose gentlyRm don't care about contents; nuking C:\Program Files (x86)\nodejs\node_modules\nodemon
